<?xml version="1.0" encoding="UTF-8"?>
<coverage generated="1780359501359" clover="3.2.0">
  <project timestamp="1780359501359" name="All files">
    <metrics statements="171" coveredstatements="153" conditionals="116" coveredconditionals="88" methods="42" coveredmethods="39" elements="329" coveredelements="280" complexity="0" loc="171" ncloc="171" packages="4" files="8" classes="8"/>
    <package name="fgl">
      <metrics statements="105" coveredstatements="87" conditionals="64" coveredconditionals="42" methods="17" coveredmethods="15"/>
      <file name="compiler.ts" path="C:\Users\zachb\hub\projects\TicketPrinter\src\fgl\compiler.ts">
        <metrics statements="45" coveredstatements="39" conditionals="22" coveredconditionals="16" methods="9" coveredmethods="8"/>
        <line num="15" count="762" type="stmt"/>
        <line num="19" count="48" type="stmt"/>
        <line num="20" count="48" type="cond" truecount="2" falsecount="0"/>
        <line num="21" count="1" type="stmt"/>
        <line num="23" count="48" type="cond" truecount="1" falsecount="1"/>
        <line num="24" count="0" type="stmt"/>
        <line num="25" count="0" type="cond" truecount="0" falsecount="2"/>
        <line num="27" count="48" type="stmt"/>
        <line num="28" count="48" type="stmt"/>
        <line num="32" count="2" type="cond" truecount="2" falsecount="0"/>
        <line num="33" count="1" type="stmt"/>
        <line num="36" count="1" type="stmt"/>
        <line num="40" count="1" type="cond" truecount="1" falsecount="1"/>
        <line num="41" count="1" type="stmt"/>
        <line num="44" count="0" type="stmt"/>
        <line num="48" count="2" type="cond" truecount="2" falsecount="0"/>
        <line num="50" count="1" type="stmt"/>
        <line num="53" count="1" type="stmt"/>
        <line num="57" count="1" type="cond" truecount="1" falsecount="1"/>
        <line num="58" count="1" type="stmt"/>
        <line num="59" count="1" type="stmt"/>
        <line num="60" count="1" type="stmt"/>
        <line num="61" count="25" type="stmt"/>
        <line num="62" count="625" type="cond" truecount="2" falsecount="0"/>
        <line num="63" count="324" type="stmt"/>
        <line num="64" count="324" type="stmt"/>
        <line num="65" count="324" type="stmt"/>
        <line num="69" count="1" type="stmt"/>
        <line num="73" count="2" type="stmt"/>
        <line num="82" count="0" type="stmt"/>
        <line num="84" count="0" type="stmt"/>
        <line num="88" count="54" type="cond" truecount="5" falsecount="1"/>
        <line num="89" count="48" type="stmt"/>
        <line num="90" count="2" type="stmt"/>
        <line num="91" count="1" type="stmt"/>
        <line num="92" count="2" type="stmt"/>
        <line num="93" count="1" type="stmt"/>
        <line num="94" count="0" type="stmt"/>
        <line num="99" count="55" type="stmt"/>
        <line num="100" count="55" type="stmt"/>
        <line num="101" count="55" type="stmt"/>
        <line num="102" count="55" type="stmt"/>
        <line num="103" count="54" type="stmt"/>
        <line num="105" count="55" type="stmt"/>
        <line num="106" count="55" type="stmt"/>
      </file>
      <file name="fonts.ts" path="C:\Users\zachb\hub\projects\TicketPrinter\src\fgl\fonts.ts">
        <metrics statements="7" coveredstatements="7" conditionals="4" coveredconditionals="2" methods="2" coveredmethods="2"/>
        <line num="11" count="1" type="stmt"/>
        <line num="24" count="5" type="stmt"/>
        <line num="25" count="5" type="cond" truecount="1" falsecount="1"/>
        <line num="26" count="5" type="stmt"/>
        <line num="30" count="5" type="stmt"/>
        <line num="31" count="5" type="cond" truecount="1" falsecount="1"/>
        <line num="32" count="5" type="stmt"/>
      </file>
      <file name="qr.ts" path="C:\Users\zachb\hub\projects\TicketPrinter\src\fgl\qr.ts">
        <metrics statements="11" coveredstatements="9" conditionals="0" coveredconditionals="0" methods="2" coveredmethods="1"/>
        <line num="6" count="1" type="stmt"/>
        <line num="7" count="1" type="stmt"/>
        <line num="8" count="1" type="stmt"/>
        <line num="9" count="1" type="stmt"/>
        <line num="10" count="25" type="stmt"/>
        <line num="11" count="25" type="stmt"/>
        <line num="12" count="625" type="stmt"/>
        <line num="14" count="25" type="stmt"/>
        <line num="16" count="1" type="stmt"/>
        <line num="21" count="0" type="stmt"/>
        <line num="22" count="0" type="stmt"/>
      </file>
      <file name="stock.ts" path="C:\Users\zachb\hub\projects\TicketPrinter\src\fgl\stock.ts">
        <metrics statements="6" coveredstatements="5" conditionals="8" coveredconditionals="2" methods="1" coveredmethods="1"/>
        <line num="19" count="1" type="stmt"/>
        <line num="37" count="11" type="cond" truecount="1" falsecount="1"/>
        <line num="38" count="0" type="stmt"/>
        <line num="45" count="11" type="stmt"/>
        <line num="46" count="11" type="cond" truecount="1" falsecount="1"/>
        <line num="47" count="11" type="stmt"/>
      </file>
      <file name="validator.ts" path="C:\Users\zachb\hub\projects\TicketPrinter\src\fgl\validator.ts">
        <metrics statements="36" coveredstatements="27" conditionals="30" coveredconditionals="22" methods="3" coveredmethods="3"/>
        <line num="19" count="7" type="cond" truecount="2" falsecount="4"/>
        <line num="21" count="5" type="stmt"/>
        <line num="28" count="2" type="stmt"/>
        <line num="30" count="0" type="stmt"/>
        <line num="32" count="0" type="stmt"/>
        <line num="34" count="0" type="cond" truecount="0" falsecount="2"/>
        <line num="36" count="0" type="stmt"/>
        <line num="37" count="0" type="stmt"/>
        <line num="38" count="0" type="stmt"/>
        <line num="41" count="0" type="stmt"/>
        <line num="46" count="11" type="stmt"/>
        <line num="47" count="11" type="stmt"/>
        <line num="48" count="11" type="stmt"/>
        <line num="50" count="11" type="stmt"/>
        <line num="51" count="11" type="stmt"/>
        <line num="52" count="11" type="stmt"/>
        <line num="53" count="11" type="stmt"/>
        <line num="55" count="11" type="cond" truecount="4" falsecount="0"/>
        <line num="56" count="2" type="stmt"/>
        <line num="59" count="11" type="stmt"/>
        <line num="60" count="7" type="stmt"/>
        <line num="62" count="7" type="cond" truecount="2" falsecount="0"/>
        <line num="63" count="1" type="stmt"/>
        <line num="65" count="7" type="cond" truecount="1" falsecount="1"/>
        <line num="66" count="0" type="stmt"/>
        <line num="68" count="7" type="cond" truecount="1" falsecount="1"/>
        <line num="69" count="0" type="stmt"/>
        <line num="71" count="7" type="cond" truecount="2" falsecount="0"/>
        <line num="72" count="1" type="stmt"/>
        <line num="75" count="7" type="stmt"/>
        <line num="76" count="3" type="cond" truecount="2" falsecount="0"/>
        <line num="77" count="3" type="cond" truecount="2" falsecount="0"/>
        <line num="78" count="1" type="stmt"/>
        <line num="86" count="7" type="cond" truecount="6" falsecount="0"/>
        <line num="90" count="2" type="stmt"/>
        <line num="94" count="11" type="stmt"/>
      </file>
    </package>
    <package name="main">
      <metrics statements="18" coveredstatements="18" conditionals="10" coveredconditionals="9" methods="4" coveredmethods="3"/>
      <file name="printer.ts" path="C:\Users\zachb\hub\projects\TicketPrinter\src\main\printer.ts">
        <metrics statements="18" coveredstatements="18" conditionals="10" coveredconditionals="9" methods="4" coveredmethods="3"/>
        <line num="9" count="1" type="stmt"/>
        <line num="12" count="4" type="stmt"/>
        <line num="13" count="4" type="stmt"/>
        <line num="16" count="10" type="stmt"/>
        <line num="18" count="1" type="stmt"/>
        <line num="23" count="12" type="stmt"/>
        <line num="24" count="12" type="cond" truecount="1" falsecount="1"/>
        <line num="28" count="12" type="stmt"/>
        <line num="29" count="12" type="stmt"/>
        <line num="30" count="12" type="stmt"/>
        <line num="33" count="9" type="cond" truecount="2" falsecount="0"/>
        <line num="34" count="2" type="stmt"/>
        <line num="36" count="7" type="stmt"/>
        <line num="37" count="7" type="cond" truecount="2" falsecount="0"/>
        <line num="38" count="5" type="stmt"/>
        <line num="40" count="2" type="cond" truecount="2" falsecount="0"/>
        <line num="42" count="3" type="cond" truecount="2" falsecount="0"/>
        <line num="44" count="12" type="stmt"/>
      </file>
    </package>
    <package name="renderer.src.print">
      <metrics statements="26" coveredstatements="26" conditionals="22" coveredconditionals="19" methods="15" coveredmethods="15"/>
      <file name="PrintDialog.tsx" path="C:\Users\zachb\hub\projects\TicketPrinter\src\renderer\src\print\PrintDialog.tsx">
        <metrics statements="26" coveredstatements="26" conditionals="22" coveredconditionals="19" methods="15" coveredmethods="15"/>
        <line num="20" count="37" type="stmt"/>
        <line num="21" count="37" type="stmt"/>
        <line num="22" count="37" type="stmt"/>
        <line num="23" count="37" type="stmt"/>
        <line num="26" count="37" type="stmt"/>
        <line num="27" count="37" type="stmt"/>
        <line num="30" count="12" type="stmt"/>
        <line num="34" count="9" type="stmt"/>
        <line num="35" count="9" type="stmt"/>
        <line num="36" count="9" type="stmt"/>
        <line num="37" count="9" type="stmt"/>
        <line num="38" count="9" type="stmt"/>
        <line num="40" count="9" type="stmt"/>
        <line num="41" count="20" type="cond" truecount="2" falsecount="0"/>
        <line num="42" count="12" type="stmt"/>
        <line num="43" count="12" type="stmt"/>
        <line num="44" count="11" type="cond" truecount="2" falsecount="0"/>
        <line num="45" count="17" type="cond" truecount="2" falsecount="0"/>
        <line num="47" count="1" type="cond" truecount="1" falsecount="1"/>
        <line num="50" count="1" type="cond" truecount="1" falsecount="1"/>
        <line num="51" count="1" type="cond" truecount="1" falsecount="1"/>
        <line num="55" count="12" type="stmt"/>
        <line num="58" count="37" type="stmt"/>
        <line num="74" count="2" type="stmt"/>
        <line num="86" count="2" type="stmt"/>
        <line num="100" count="23" type="stmt"/>
      </file>
    </package>
    <package name="renderer.src.settings">
      <metrics statements="22" coveredstatements="22" conditionals="20" coveredconditionals="18" methods="6" coveredmethods="6"/>
      <file name="PrinterSetup.tsx" path="C:\Users\zachb\hub\projects\TicketPrinter\src\renderer\src\settings\PrinterSetup.tsx">
        <metrics statements="22" coveredstatements="22" conditionals="20" coveredconditionals="18" methods="6" coveredmethods="6"/>
        <line num="7" count="38" type="stmt"/>
        <line num="8" count="38" type="cond" truecount="2" falsecount="0"/>
        <line num="9" count="38" type="stmt"/>
        <line num="10" count="38" type="stmt"/>
        <line num="12" count="38" type="stmt"/>
        <line num="13" count="10" type="stmt"/>
        <line num="17" count="7" type="stmt"/>
        <line num="18" count="7" type="stmt"/>
        <line num="19" count="7" type="stmt"/>
        <line num="23" count="6" type="cond" truecount="1" falsecount="1"/>
        <line num="24" count="6" type="stmt"/>
        <line num="25" count="6" type="stmt"/>
        <line num="26" count="6" type="stmt"/>
        <line num="27" count="6" type="stmt"/>
        <line num="28" count="5" type="cond" truecount="2" falsecount="0"/>
        <line num="29" count="3" type="stmt"/>
        <line num="31" count="2" type="stmt"/>
        <line num="32" count="2" type="cond" truecount="2" falsecount="0"/>
        <line num="35" count="1" type="stmt"/>
        <line num="36" count="1" type="cond" truecount="1" falsecount="1"/>
        <line num="40" count="38" type="stmt"/>
        <line num="48" count="31" type="stmt"/>
      </file>
    </package>
  </project>
</coverage>
