{"C:\\Users\\zachb\\hub\\projects\\TicketPrinter\\src\\fgl\\compiler.ts": {"path":"C:\\Users\\zachb\\hub\\projects\\TicketPrinter\\src\\fgl\\compiler.ts","statementMap":{"0":{"start":{"line":15,"column":2},"end":{"line":15,"column":null}},"1":{"start":{"line":19,"column":10},"end":{"line":19,"column":null}},"2":{"start":{"line":20,"column":2},"end":{"line":22,"column":null}},"3":{"start":{"line":21,"column":4},"end":{"line":21,"column":null}},"4":{"start":{"line":23,"column":2},"end":{"line":26,"column":null}},"5":{"start":{"line":24,"column":43},"end":{"line":24,"column":null}},"6":{"start":{"line":25,"column":4},"end":{"line":25,"column":null}},"7":{"start":{"line":27,"column":2},"end":{"line":27,"column":null}},"8":{"start":{"line":28,"column":2},"end":{"line":28,"column":null}},"9":{"start":{"line":32,"column":2},"end":{"line":34,"column":null}},"10":{"start":{"line":33,"column":4},"end":{"line":33,"column":null}},"11":{"start":{"line":36,"column":2},"end":{"line":36,"column":null}},"12":{"start":{"line":40,"column":2},"end":{"line":42,"column":null}},"13":{"start":{"line":41,"column":4},"end":{"line":41,"column":null}},"14":{"start":{"line":44,"column":2},"end":{"line":44,"column":null}},"15":{"start":{"line":48,"column":2},"end":{"line":51,"column":null}},"16":{"start":{"line":50,"column":4},"end":{"line":50,"column":null}},"17":{"start":{"line":53,"column":2},"end":{"line":53,"column":null}},"18":{"start":{"line":57,"column":18},"end":{"line":57,"column":null}},"19":{"start":{"line":58,"column":8},"end":{"line":58,"column":null}},"20":{"start":{"line":59,"column":26},"end":{"line":59,"column":null}},"21":{"start":{"line":60,"column":2},"end":{"line":68,"column":null}},"22":{"start":{"line":60,"column":15},"end":{"line":60,"column":18}},"23":{"start":{"line":61,"column":4},"end":{"line":67,"column":null}},"24":{"start":{"line":61,"column":17},"end":{"line":61,"column":20}},"25":{"start":{"line":62,"column":6},"end":{"line":66,"column":null}},"26":{"start":{"line":63,"column":20},"end":{"line":63,"column":null}},"27":{"start":{"line":64,"column":20},"end":{"line":64,"column":null}},"28":{"start":{"line":65,"column":8},"end":{"line":65,"column":null}},"29":{"start":{"line":69,"column":2},"end":{"line":69,"column":null}},"30":{"start":{"line":73,"column":56},"end":{"line":79,"column":null}},"31":{"start":{"line":82,"column":19},"end":{"line":82,"column":null}},"32":{"start":{"line":84,"column":2},"end":{"line":84,"column":null}},"33":{"start":{"line":88,"column":2},"end":{"line":95,"column":null}},"34":{"start":{"line":89,"column":20},"end":{"line":89,"column":null}},"35":{"start":{"line":90,"column":20},"end":{"line":90,"column":null}},"36":{"start":{"line":91,"column":20},"end":{"line":91,"column":null}},"37":{"start":{"line":92,"column":20},"end":{"line":92,"column":null}},"38":{"start":{"line":93,"column":20},"end":{"line":93,"column":null}},"39":{"start":{"line":94,"column":20},"end":{"line":94,"column":null}},"40":{"start":{"line":99,"column":26},"end":{"line":99,"column":null}},"41":{"start":{"line":100,"column":2},"end":{"line":100,"column":null}},"42":{"start":{"line":101,"column":2},"end":{"line":101,"column":null}},"43":{"start":{"line":102,"column":2},"end":{"line":104,"column":null}},"44":{"start":{"line":103,"column":4},"end":{"line":103,"column":null}},"45":{"start":{"line":105,"column":2},"end":{"line":105,"column":null}},"46":{"start":{"line":106,"column":2},"end":{"line":106,"column":null}}},"fnMap":{"0":{"name":"n4","decl":{"start":{"line":14,"column":9},"end":{"line":14,"column":12}},"loc":{"start":{"line":14,"column":31},"end":{"line":16,"column":null}},"line":14},"1":{"name":"compileText","decl":{"start":{"line":18,"column":9},"end":{"line":18,"column":21}},"loc":{"start":{"line":18,"column":46},"end":{"line":29,"column":null}},"line":18},"2":{"name":"compileHLine","decl":{"start":{"line":31,"column":9},"end":{"line":31,"column":22}},"loc":{"start":{"line":31,"column":48},"end":{"line":37,"column":null}},"line":31},"3":{"name":"compileVLine","decl":{"start":{"line":39,"column":9},"end":{"line":39,"column":22}},"loc":{"start":{"line":39,"column":48},"end":{"line":45,"column":null}},"line":39},"4":{"name":"compileBox","decl":{"start":{"line":47,"column":9},"end":{"line":47,"column":20}},"loc":{"start":{"line":47,"column":44},"end":{"line":54,"column":null}},"line":47},"5":{"name":"compileQR","decl":{"start":{"line":56,"column":9},"end":{"line":56,"column":19}},"loc":{"start":{"line":56,"column":42},"end":{"line":70,"column":null}},"line":56},"6":{"name":"compileBarcode","decl":{"start":{"line":81,"column":9},"end":{"line":81,"column":24}},"loc":{"start":{"line":81,"column":52},"end":{"line":85,"column":null}},"line":81},"7":{"name":"compileElement","decl":{"start":{"line":87,"column":9},"end":{"line":87,"column":24}},"loc":{"start":{"line":87,"column":51},"end":{"line":96,"column":null}},"line":87},"8":{"name":"compile","decl":{"start":{"line":98,"column":16},"end":{"line":98,"column":24}},"loc":{"start":{"line":98,"column":53},"end":{"line":107,"column":null}},"line":98}},"branchMap":{"0":{"loc":{"start":{"line":20,"column":2},"end":{"line":22,"column":null}},"type":"if","locations":[{"start":{"line":20,"column":2},"end":{"line":22,"column":null}},{"start":{},"end":{}}],"line":20},"1":{"loc":{"start":{"line":23,"column":2},"end":{"line":26,"column":null}},"type":"if","locations":[{"start":{"line":23,"column":2},"end":{"line":26,"column":null}},{"start":{},"end":{}}],"line":23},"2":{"loc":{"start":{"line":25,"column":9},"end":{"line":25,"column":null}},"type":"binary-expr","locations":[{"start":{"line":25,"column":9},"end":{"line":25,"column":32}},{"start":{"line":25,"column":32},"end":{"line":25,"column":null}}],"line":25},"3":{"loc":{"start":{"line":32,"column":2},"end":{"line":34,"column":null}},"type":"if","locations":[{"start":{"line":32,"column":2},"end":{"line":34,"column":null}},{"start":{},"end":{}}],"line":32},"4":{"loc":{"start":{"line":40,"column":2},"end":{"line":42,"column":null}},"type":"if","locations":[{"start":{"line":40,"column":2},"end":{"line":42,"column":null}},{"start":{},"end":{}}],"line":40},"5":{"loc":{"start":{"line":48,"column":2},"end":{"line":51,"column":null}},"type":"if","locations":[{"start":{"line":48,"column":2},"end":{"line":51,"column":null}},{"start":{},"end":{}}],"line":48},"6":{"loc":{"start":{"line":57,"column":18},"end":{"line":57,"column":null}},"type":"binary-expr","locations":[{"start":{"line":57,"column":18},"end":{"line":57,"column":32}},{"start":{"line":57,"column":32},"end":{"line":57,"column":null}}],"line":57},"7":{"loc":{"start":{"line":62,"column":6},"end":{"line":66,"column":null}},"type":"if","locations":[{"start":{"line":62,"column":6},"end":{"line":66,"column":null}},{"start":{},"end":{}}],"line":62},"8":{"loc":{"start":{"line":88,"column":2},"end":{"line":95,"column":null}},"type":"switch","locations":[{"start":{"line":89,"column":4},"end":{"line":89,"column":null}},{"start":{"line":90,"column":4},"end":{"line":90,"column":null}},{"start":{"line":91,"column":4},"end":{"line":91,"column":null}},{"start":{"line":92,"column":4},"end":{"line":92,"column":null}},{"start":{"line":93,"column":4},"end":{"line":93,"column":null}},{"start":{"line":94,"column":4},"end":{"line":94,"column":null}}],"line":88}},"s":{"0":762,"1":48,"2":48,"3":1,"4":48,"5":0,"6":0,"7":48,"8":48,"9":2,"10":1,"11":1,"12":1,"13":1,"14":0,"15":2,"16":1,"17":1,"18":1,"19":1,"20":1,"21":1,"22":1,"23":25,"24":25,"25":625,"26":324,"27":324,"28":324,"29":1,"30":2,"31":0,"32":0,"33":54,"34":48,"35":2,"36":1,"37":2,"38":1,"39":0,"40":55,"41":55,"42":55,"43":55,"44":54,"45":55,"46":55},"f":{"0":762,"1":48,"2":2,"3":1,"4":2,"5":1,"6":0,"7":54,"8":55},"b":{"0":[1,47],"1":[0,48],"2":[0,0],"3":[1,1],"4":[1,0],"5":[1,1],"6":[1,0],"7":[324,301],"8":[48,2,1,2,1,0]},"meta":{"lastBranch":9,"lastFunction":9,"lastStatement":47,"seen":{"f:14:9:14:12":0,"s:15:2:15:Infinity":0,"f:18:9:18:21":1,"s:19:10:19:Infinity":1,"b:20:2:22:Infinity:undefined:undefined:undefined:undefined":0,"s:20:2:22:Infinity":2,"s:21:4:21:Infinity":3,"b:23:2:26:Infinity:undefined:undefined:undefined:undefined":1,"s:23:2:26:Infinity":4,"s:24:43:24:Infinity":5,"s:25:4:25:Infinity":6,"b:25:9:25:32:25:32:25:Infinity":2,"s:27:2:27:Infinity":7,"s:28:2:28:Infinity":8,"f:31:9:31:22":2,"b:32:2:34:Infinity:undefined:undefined:undefined:undefined":3,"s:32:2:34:Infinity":9,"s:33:4:33:Infinity":10,"s:36:2:36:Infinity":11,"f:39:9:39:22":3,"b:40:2:42:Infinity:undefined:undefined:undefined:undefined":4,"s:40:2:42:Infinity":12,"s:41:4:41:Infinity":13,"s:44:2:44:Infinity":14,"f:47:9:47:20":4,"b:48:2:51:Infinity:undefined:undefined:undefined:undefined":5,"s:48:2:51:Infinity":15,"s:50:4:50:Infinity":16,"s:53:2:53:Infinity":17,"f:56:9:56:19":5,"s:57:18:57:Infinity":18,"b:57:18:57:32:57:32:57:Infinity":6,"s:58:8:58:Infinity":19,"s:59:26:59:Infinity":20,"s:60:2:68:Infinity":21,"s:60:15:60:18":22,"s:61:4:67:Infinity":23,"s:61:17:61:20":24,"b:62:6:66:Infinity:undefined:undefined:undefined:undefined":7,"s:62:6:66:Infinity":25,"s:63:20:63:Infinity":26,"s:64:20:64:Infinity":27,"s:65:8:65:Infinity":28,"s:69:2:69:Infinity":29,"s:73:56:79:Infinity":30,"f:81:9:81:24":6,"s:82:19:82:Infinity":31,"s:84:2:84:Infinity":32,"f:87:9:87:24":7,"b:89:4:89:Infinity:90:4:90:Infinity:91:4:91:Infinity:92:4:92:Infinity:93:4:93:Infinity:94:4:94:Infinity":8,"s:88:2:95:Infinity":33,"s:89:20:89:Infinity":34,"s:90:20:90:Infinity":35,"s:91:20:91:Infinity":36,"s:92:20:92:Infinity":37,"s:93:20:93:Infinity":38,"s:94:20:94:Infinity":39,"f:98:16:98:24":8,"s:99:26:99:Infinity":40,"s:100:2:100:Infinity":41,"s:101:2:101:Infinity":42,"s:102:2:104:Infinity":43,"s:103:4:103:Infinity":44,"s:105:2:105:Infinity":45,"s:106:2:106:Infinity":46}}}
,"C:\\Users\\zachb\\hub\\projects\\TicketPrinter\\src\\fgl\\fonts.ts": {"path":"C:\\Users\\zachb\\hub\\projects\\TicketPrinter\\src\\fgl\\fonts.ts","statementMap":{"0":{"start":{"line":11,"column":57},"end":{"line":21,"column":null}},"1":{"start":{"line":24,"column":24},"end":{"line":24,"column":null}},"2":{"start":{"line":25,"column":17},"end":{"line":25,"column":null}},"3":{"start":{"line":26,"column":2},"end":{"line":26,"column":null}},"4":{"start":{"line":30,"column":25},"end":{"line":30,"column":null}},"5":{"start":{"line":31,"column":17},"end":{"line":31,"column":null}},"6":{"start":{"line":32,"column":2},"end":{"line":32,"column":null}}},"fnMap":{"0":{"name":"textWidth","decl":{"start":{"line":23,"column":16},"end":{"line":23,"column":26}},"loc":{"start":{"line":23,"column":93},"end":{"line":27,"column":null}},"line":23},"1":{"name":"textHeight","decl":{"start":{"line":29,"column":16},"end":{"line":29,"column":27}},"loc":{"start":{"line":29,"column":77},"end":{"line":33,"column":null}},"line":29}},"branchMap":{"0":{"loc":{"start":{"line":25,"column":17},"end":{"line":25,"column":null}},"type":"cond-expr","locations":[{"start":{"line":25,"column":27},"end":{"line":25,"column":40}},{"start":{"line":25,"column":40},"end":{"line":25,"column":null}}],"line":25},"1":{"loc":{"start":{"line":31,"column":17},"end":{"line":31,"column":null}},"type":"cond-expr","locations":[{"start":{"line":31,"column":27},"end":{"line":31,"column":40}},{"start":{"line":31,"column":40},"end":{"line":31,"column":null}}],"line":31}},"s":{"0":1,"1":5,"2":5,"3":5,"4":5,"5":5,"6":5},"f":{"0":5,"1":5},"b":{"0":[0,5],"1":[0,5]},"meta":{"lastBranch":2,"lastFunction":2,"lastStatement":7,"seen":{"s:11:57:21:Infinity":0,"f:23:16:23:26":0,"s:24:24:24:Infinity":1,"s:25:17:25:Infinity":2,"b:25:27:25:40:25:40:25:Infinity":0,"s:26:2:26:Infinity":3,"f:29:16:29:27":1,"s:30:25:30:Infinity":4,"s:31:17:31:Infinity":5,"b:31:27:31:40:31:40:31:Infinity":1,"s:32:2:32:Infinity":6}}}
,"C:\\Users\\zachb\\hub\\projects\\TicketPrinter\\src\\fgl\\qr.ts": {"path":"C:\\Users\\zachb\\hub\\projects\\TicketPrinter\\src\\fgl\\qr.ts","statementMap":{"0":{"start":{"line":6,"column":13},"end":{"line":6,"column":null}},"1":{"start":{"line":7,"column":25},"end":{"line":7,"column":null}},"2":{"start":{"line":8,"column":30},"end":{"line":8,"column":null}},"3":{"start":{"line":9,"column":2},"end":{"line":15,"column":null}},"4":{"start":{"line":9,"column":15},"end":{"line":9,"column":18}},"5":{"start":{"line":10,"column":27},"end":{"line":10,"column":null}},"6":{"start":{"line":11,"column":4},"end":{"line":13,"column":null}},"7":{"start":{"line":11,"column":17},"end":{"line":11,"column":20}},"8":{"start":{"line":12,"column":6},"end":{"line":12,"column":null}},"9":{"start":{"line":14,"column":4},"end":{"line":14,"column":null}},"10":{"start":{"line":16,"column":2},"end":{"line":16,"column":null}},"11":{"start":{"line":21,"column":13},"end":{"line":21,"column":null}},"12":{"start":{"line":22,"column":2},"end":{"line":22,"column":null}}},"fnMap":{"0":{"name":"generateQRMatrix","decl":{"start":{"line":5,"column":16},"end":{"line":5,"column":33}},"loc":{"start":{"line":5,"column":63},"end":{"line":17,"column":null}},"line":5},"1":{"name":"qrDotSize","decl":{"start":{"line":20,"column":16},"end":{"line":20,"column":26}},"loc":{"start":{"line":20,"column":68},"end":{"line":23,"column":null}},"line":20}},"branchMap":{},"s":{"0":1,"1":1,"2":1,"3":1,"4":1,"5":25,"6":25,"7":25,"8":625,"9":25,"10":1,"11":0,"12":0},"f":{"0":1,"1":0},"b":{},"meta":{"lastBranch":0,"lastFunction":2,"lastStatement":13,"seen":{"f:5:16:5:33":0,"s:6:13:6:Infinity":0,"s:7:25:7:Infinity":1,"s:8:30:8:Infinity":2,"s:9:2:15:Infinity":3,"s:9:15:9:18":4,"s:10:27:10:Infinity":5,"s:11:4:13:Infinity":6,"s:11:17:11:20":7,"s:12:6:12:Infinity":8,"s:14:4:14:Infinity":9,"s:16:2:16:Infinity":10,"f:20:16:20:26":1,"s:21:13:21:Infinity":11,"s:22:2:22:Infinity":12}}}
,"C:\\Users\\zachb\\hub\\projects\\TicketPrinter\\src\\fgl\\stock.ts": {"path":"C:\\Users\\zachb\\hub\\projects\\TicketPrinter\\src\\fgl\\stock.ts","statementMap":{"0":{"start":{"line":19,"column":55},"end":{"line":32,"column":null}},"1":{"start":{"line":37,"column":2},"end":{"line":44,"column":null}},"2":{"start":{"line":38,"column":4},"end":{"line":43,"column":null}},"3":{"start":{"line":45,"column":12},"end":{"line":45,"column":null}},"4":{"start":{"line":46,"column":2},"end":{"line":46,"column":null}},"5":{"start":{"line":46,"column":10},"end":{"line":46,"column":null}},"6":{"start":{"line":47,"column":2},"end":{"line":47,"column":null}}},"fnMap":{"0":{"name":"getStock","decl":{"start":{"line":34,"column":16},"end":{"line":34,"column":null}},"loc":{"start":{"line":36,"column":19},"end":{"line":48,"column":null}},"line":36}},"branchMap":{"0":{"loc":{"start":{"line":37,"column":2},"end":{"line":44,"column":null}},"type":"if","locations":[{"start":{"line":37,"column":2},"end":{"line":44,"column":null}},{"start":{},"end":{}}],"line":37},"1":{"loc":{"start":{"line":39,"column":17},"end":{"line":39,"column":null}},"type":"binary-expr","locations":[{"start":{"line":39,"column":17},"end":{"line":39,"column":36}},{"start":{"line":39,"column":36},"end":{"line":39,"column":null}}],"line":39},"2":{"loc":{"start":{"line":40,"column":18},"end":{"line":40,"column":null}},"type":"binary-expr","locations":[{"start":{"line":40,"column":18},"end":{"line":40,"column":38}},{"start":{"line":40,"column":38},"end":{"line":40,"column":null}}],"line":40},"3":{"loc":{"start":{"line":46,"column":2},"end":{"line":46,"column":null}},"type":"if","locations":[{"start":{"line":46,"column":2},"end":{"line":46,"column":null}},{"start":{},"end":{}}],"line":46}},"s":{"0":1,"1":11,"2":0,"3":11,"4":11,"5":0,"6":11},"f":{"0":11},"b":{"0":[0,11],"1":[0,0],"2":[0,0],"3":[0,11]},"meta":{"lastBranch":4,"lastFunction":1,"lastStatement":7,"seen":{"s:19:55:32:Infinity":0,"f:34:16:34:Infinity":0,"b:37:2:44:Infinity:undefined:undefined:undefined:undefined":0,"s:37:2:44:Infinity":1,"s:38:4:43:Infinity":2,"b:39:17:39:36:39:36:39:Infinity":1,"b:40:18:40:38:40:38:40:Infinity":2,"s:45:12:45:Infinity":3,"b:46:2:46:Infinity:undefined:undefined:undefined:undefined":3,"s:46:2:46:Infinity":4,"s:46:10:46:Infinity":5,"s:47:2:47:Infinity":6}}}
,"C:\\Users\\zachb\\hub\\projects\\TicketPrinter\\src\\fgl\\validator.ts": {"path":"C:\\Users\\zachb\\hub\\projects\\TicketPrinter\\src\\fgl\\validator.ts","statementMap":{"0":{"start":{"line":19,"column":2},"end":{"line":42,"column":null}},"1":{"start":{"line":21,"column":6},"end":{"line":26,"column":null}},"2":{"start":{"line":28,"column":6},"end":{"line":28,"column":null}},"3":{"start":{"line":30,"column":6},"end":{"line":30,"column":null}},"4":{"start":{"line":32,"column":6},"end":{"line":32,"column":null}},"5":{"start":{"line":34,"column":22},"end":{"line":34,"column":null}},"6":{"start":{"line":36,"column":31},"end":{"line":36,"column":null}},"7":{"start":{"line":37,"column":18},"end":{"line":37,"column":null}},"8":{"start":{"line":38,"column":6},"end":{"line":38,"column":null}},"9":{"start":{"line":41,"column":6},"end":{"line":41,"column":null}},"10":{"start":{"line":46,"column":36},"end":{"line":46,"column":null}},"11":{"start":{"line":47,"column":8},"end":{"line":47,"column":null}},"12":{"start":{"line":48,"column":64},"end":{"line":48,"column":null}},"13":{"start":{"line":50,"column":17},"end":{"line":50,"column":null}},"14":{"start":{"line":51,"column":17},"end":{"line":51,"column":null}},"15":{"start":{"line":52,"column":17},"end":{"line":52,"column":null}},"16":{"start":{"line":53,"column":17},"end":{"line":53,"column":null}},"17":{"start":{"line":55,"column":2},"end":{"line":57,"column":null}},"18":{"start":{"line":56,"column":4},"end":{"line":56,"column":null}},"19":{"start":{"line":59,"column":2},"end":{"line":92,"column":null}},"20":{"start":{"line":60,"column":14},"end":{"line":60,"column":null}},"21":{"start":{"line":62,"column":4},"end":{"line":64,"column":null}},"22":{"start":{"line":63,"column":6},"end":{"line":63,"column":null}},"23":{"start":{"line":65,"column":4},"end":{"line":67,"column":null}},"24":{"start":{"line":66,"column":6},"end":{"line":66,"column":null}},"25":{"start":{"line":68,"column":4},"end":{"line":70,"column":null}},"26":{"start":{"line":69,"column":6},"end":{"line":69,"column":null}},"27":{"start":{"line":71,"column":4},"end":{"line":73,"column":null}},"28":{"start":{"line":72,"column":6},"end":{"line":72,"column":null}},"29":{"start":{"line":75,"column":4},"end":{"line":84,"column":null}},"30":{"start":{"line":76,"column":23},"end":{"line":76,"column":null}},"31":{"start":{"line":77,"column":6},"end":{"line":83,"column":null}},"32":{"start":{"line":78,"column":8},"end":{"line":82,"column":null}},"33":{"start":{"line":86,"column":4},"end":{"line":91,"column":null}},"34":{"start":{"line":90,"column":6},"end":{"line":90,"column":null}},"35":{"start":{"line":94,"column":2},"end":{"line":94,"column":null}}},"fnMap":{"0":{"name":"elementBounds","decl":{"start":{"line":18,"column":9},"end":{"line":18,"column":23}},"loc":{"start":{"line":18,"column":50},"end":{"line":43,"column":null}},"line":18},"1":{"name":"validate","decl":{"start":{"line":45,"column":16},"end":{"line":45,"column":25}},"loc":{"start":{"line":45,"column":65},"end":{"line":95,"column":null}},"line":45},"2":{"name":"(anonymous_2)","decl":{"start":{"line":59,"column":23},"end":{"line":59,"column":24}},"loc":{"start":{"line":59,"column":34},"end":{"line":92,"column":3}},"line":59}},"branchMap":{"0":{"loc":{"start":{"line":19,"column":2},"end":{"line":42,"column":null}},"type":"switch","locations":[{"start":{"line":20,"column":4},"end":{"line":26,"column":null}},{"start":{"line":27,"column":4},"end":{"line":28,"column":null}},{"start":{"line":29,"column":4},"end":{"line":30,"column":null}},{"start":{"line":31,"column":4},"end":{"line":32,"column":null}},{"start":{"line":33,"column":4},"end":{"line":39,"column":null}},{"start":{"line":40,"column":4},"end":{"line":41,"column":null}}],"line":19},"1":{"loc":{"start":{"line":34,"column":22},"end":{"line":34,"column":null}},"type":"binary-expr","locations":[{"start":{"line":34,"column":22},"end":{"line":34,"column":36}},{"start":{"line":34,"column":36},"end":{"line":34,"column":null}}],"line":34},"2":{"loc":{"start":{"line":55,"column":2},"end":{"line":57,"column":null}},"type":"if","locations":[{"start":{"line":55,"column":2},"end":{"line":57,"column":null}},{"start":{},"end":{}}],"line":55},"3":{"loc":{"start":{"line":55,"column":6},"end":{"line":55,"column":37}},"type":"binary-expr","locations":[{"start":{"line":55,"column":6},"end":{"line":55,"column":22}},{"start":{"line":55,"column":22},"end":{"line":55,"column":37}}],"line":55},"4":{"loc":{"start":{"line":62,"column":4},"end":{"line":64,"column":null}},"type":"if","locations":[{"start":{"line":62,"column":4},"end":{"line":64,"column":null}},{"start":{},"end":{}}],"line":62},"5":{"loc":{"start":{"line":65,"column":4},"end":{"line":67,"column":null}},"type":"if","locations":[{"start":{"line":65,"column":4},"end":{"line":67,"column":null}},{"start":{},"end":{}}],"line":65},"6":{"loc":{"start":{"line":68,"column":4},"end":{"line":70,"column":null}},"type":"if","locations":[{"start":{"line":68,"column":4},"end":{"line":70,"column":null}},{"start":{},"end":{}}],"line":68},"7":{"loc":{"start":{"line":71,"column":4},"end":{"line":73,"column":null}},"type":"if","locations":[{"start":{"line":71,"column":4},"end":{"line":73,"column":null}},{"start":{},"end":{}}],"line":71},"8":{"loc":{"start":{"line":76,"column":23},"end":{"line":76,"column":null}},"type":"binary-expr","locations":[{"start":{"line":76,"column":23},"end":{"line":76,"column":46}},{"start":{"line":76,"column":46},"end":{"line":76,"column":null}}],"line":76},"9":{"loc":{"start":{"line":77,"column":6},"end":{"line":83,"column":null}},"type":"if","locations":[{"start":{"line":77,"column":6},"end":{"line":83,"column":null}},{"start":{},"end":{}}],"line":77},"10":{"loc":{"start":{"line":86,"column":4},"end":{"line":91,"column":null}},"type":"if","locations":[{"start":{"line":86,"column":4},"end":{"line":91,"column":null}},{"start":{},"end":{}}],"line":86},"11":{"loc":{"start":{"line":86,"column":4},"end":{"line":88,"column":null}},"type":"binary-expr","locations":[{"start":{"line":87,"column":7},"end":{"line":87,"column":29}},{"start":{"line":87,"column":29},"end":{"line":87,"column":54}},{"start":{"line":87,"column":54},"end":{"line":87,"column":null}},{"start":{"line":88,"column":6},"end":{"line":88,"column":null}}],"line":86}},"s":{"0":7,"1":5,"2":2,"3":0,"4":0,"5":0,"6":0,"7":0,"8":0,"9":0,"10":11,"11":11,"12":11,"13":11,"14":11,"15":11,"16":11,"17":11,"18":2,"19":11,"20":7,"21":7,"22":1,"23":7,"24":0,"25":7,"26":0,"27":7,"28":1,"29":7,"30":3,"31":3,"32":1,"33":7,"34":2,"35":11},"f":{"0":7,"1":11,"2":7},"b":{"0":[5,2,0,0,0,0],"1":[0,0],"2":[2,9],"3":[11,10],"4":[1,6],"5":[0,7],"6":[0,7],"7":[1,6],"8":[3,2],"9":[1,2],"10":[2,5],"11":[7,2,2,5]},"meta":{"lastBranch":12,"lastFunction":3,"lastStatement":36,"seen":{"f:18:9:18:23":0,"b:20:4:26:Infinity:27:4:28:Infinity:29:4:30:Infinity:31:4:32:Infinity:33:4:39:Infinity:40:4:41:Infinity":0,"s:19:2:42:Infinity":0,"s:21:6:26:Infinity":1,"s:28:6:28:Infinity":2,"s:30:6:30:Infinity":3,"s:32:6:32:Infinity":4,"s:34:22:34:Infinity":5,"b:34:22:34:36:34:36:34:Infinity":1,"s:36:31:36:Infinity":6,"s:37:18:37:Infinity":7,"s:38:6:38:Infinity":8,"s:41:6:41:Infinity":9,"f:45:16:45:25":1,"s:46:36:46:Infinity":10,"s:47:8:47:Infinity":11,"s:48:64:48:Infinity":12,"s:50:17:50:Infinity":13,"s:51:17:51:Infinity":14,"s:52:17:52:Infinity":15,"s:53:17:53:Infinity":16,"b:55:2:57:Infinity:undefined:undefined:undefined:undefined":2,"s:55:2:57:Infinity":17,"b:55:6:55:22:55:22:55:37":3,"s:56:4:56:Infinity":18,"s:59:2:92:Infinity":19,"f:59:23:59:24":2,"s:60:14:60:Infinity":20,"b:62:4:64:Infinity:undefined:undefined:undefined:undefined":4,"s:62:4:64:Infinity":21,"s:63:6:63:Infinity":22,"b:65:4:67:Infinity:undefined:undefined:undefined:undefined":5,"s:65:4:67:Infinity":23,"s:66:6:66:Infinity":24,"b:68:4:70:Infinity:undefined:undefined:undefined:undefined":6,"s:68:4:70:Infinity":25,"s:69:6:69:Infinity":26,"b:71:4:73:Infinity:undefined:undefined:undefined:undefined":7,"s:71:4:73:Infinity":27,"s:72:6:72:Infinity":28,"s:75:4:84:Infinity":29,"s:76:23:76:Infinity":30,"b:76:23:76:46:76:46:76:Infinity":8,"b:77:6:83:Infinity:undefined:undefined:undefined:undefined":9,"s:77:6:83:Infinity":31,"s:78:8:82:Infinity":32,"b:86:4:91:Infinity:undefined:undefined:undefined:undefined":10,"s:86:4:91:Infinity":33,"b:87:7:87:29:87:29:87:54:87:54:87:Infinity:88:6:88:Infinity":11,"s:90:6:90:Infinity":34,"s:94:2:94:Infinity":35}}}
,"C:\\Users\\zachb\\hub\\projects\\TicketPrinter\\src\\main\\printer.ts": {"path":"C:\\Users\\zachb\\hub\\projects\\TicketPrinter\\src\\main\\printer.ts","statementMap":{"0":{"start":{"line":9,"column":6},"end":{"line":9,"column":null}},"1":{"start":{"line":12,"column":2},"end":{"line":19,"column":null}},"2":{"start":{"line":13,"column":23},"end":{"line":15,"column":null}},"3":{"start":{"line":16,"column":4},"end":{"line":16,"column":null}},"4":{"start":{"line":16,"column":41},"end":{"line":16,"column":49}},"5":{"start":{"line":18,"column":4},"end":{"line":18,"column":null}},"6":{"start":{"line":23,"column":8},"end":{"line":23,"column":null}},"7":{"start":{"line":24,"column":21},"end":{"line":26,"column":null}},"8":{"start":{"line":28,"column":2},"end":{"line":45,"column":null}},"9":{"start":{"line":29,"column":4},"end":{"line":29,"column":null}},"10":{"start":{"line":30,"column":31},"end":{"line":32,"column":null}},"11":{"start":{"line":33,"column":4},"end":{"line":35,"column":null}},"12":{"start":{"line":34,"column":6},"end":{"line":34,"column":null}},"13":{"start":{"line":36,"column":18},"end":{"line":36,"column":null}},"14":{"start":{"line":37,"column":4},"end":{"line":39,"column":null}},"15":{"start":{"line":38,"column":6},"end":{"line":38,"column":null}},"16":{"start":{"line":40,"column":4},"end":{"line":40,"column":null}},"17":{"start":{"line":42,"column":4},"end":{"line":42,"column":null}},"18":{"start":{"line":44,"column":4},"end":{"line":44,"column":null}},"19":{"start":{"line":44,"column":38},"end":{"line":44,"column":47}}},"fnMap":{"0":{"name":"listPrinters","decl":{"start":{"line":11,"column":22},"end":{"line":11,"column":56}},"loc":{"start":{"line":11,"column":56},"end":{"line":20,"column":null}},"line":11},"1":{"name":"(anonymous_1)","decl":{"start":{"line":16,"column":34},"end":{"line":16,"column":35}},"loc":{"start":{"line":16,"column":41},"end":{"line":16,"column":49}},"line":16},"2":{"name":"printRaw","decl":{"start":{"line":22,"column":22},"end":{"line":22,"column":31}},"loc":{"start":{"line":22,"column":91},"end":{"line":46,"column":null}},"line":22},"3":{"name":"(anonymous_3)","decl":{"start":{"line":44,"column":32},"end":{"line":44,"column":38}},"loc":{"start":{"line":44,"column":38},"end":{"line":44,"column":47}},"line":44}},"branchMap":{"0":{"loc":{"start":{"line":24,"column":21},"end":{"line":26,"column":null}},"type":"cond-expr","locations":[{"start":{"line":24,"column":25},"end":{"line":25,"column":null}},{"start":{"line":25,"column":49},"end":{"line":26,"column":null}}],"line":24},"1":{"loc":{"start":{"line":33,"column":4},"end":{"line":35,"column":null}},"type":"if","locations":[{"start":{"line":33,"column":4},"end":{"line":35,"column":null}},{"start":{},"end":{}}],"line":33},"2":{"loc":{"start":{"line":37,"column":4},"end":{"line":39,"column":null}},"type":"if","locations":[{"start":{"line":37,"column":4},"end":{"line":39,"column":null}},{"start":{},"end":{}}],"line":37},"3":{"loc":{"start":{"line":40,"column":36},"end":{"line":40,"column":91}},"type":"binary-expr","locations":[{"start":{"line":40,"column":36},"end":{"line":40,"column":53}},{"start":{"line":40,"column":53},"end":{"line":40,"column":91}}],"line":40},"4":{"loc":{"start":{"line":42,"column":36},"end":{"line":42,"column":85}},"type":"cond-expr","locations":[{"start":{"line":42,"column":59},"end":{"line":42,"column":73}},{"start":{"line":42,"column":73},"end":{"line":42,"column":85}}],"line":42}},"s":{"0":1,"1":4,"2":4,"3":3,"4":10,"5":1,"6":12,"7":12,"8":12,"9":12,"10":12,"11":9,"12":2,"13":7,"14":7,"15":5,"16":2,"17":3,"18":12,"19":0},"f":{"0":4,"1":10,"2":12,"3":0},"b":{"0":[0,12],"1":[2,7],"2":[5,2],"3":[2,1],"4":[2,1]},"meta":{"lastBranch":5,"lastFunction":4,"lastStatement":20,"seen":{"s:9:6:9:Infinity":0,"f:11:22:11:56":0,"s:12:2:19:Infinity":1,"s:13:23:15:Infinity":2,"s:16:4:16:Infinity":3,"f:16:34:16:35":1,"s:16:41:16:49":4,"s:18:4:18:Infinity":5,"f:22:22:22:31":2,"s:23:8:23:Infinity":6,"s:24:21:26:Infinity":7,"b:24:25:25:Infinity:25:49:26:Infinity":0,"s:28:2:45:Infinity":8,"s:29:4:29:Infinity":9,"s:30:31:32:Infinity":10,"b:33:4:35:Infinity:undefined:undefined:undefined:undefined":1,"s:33:4:35:Infinity":11,"s:34:6:34:Infinity":12,"s:36:18:36:Infinity":13,"b:37:4:39:Infinity:undefined:undefined:undefined:undefined":2,"s:37:4:39:Infinity":14,"s:38:6:38:Infinity":15,"s:40:4:40:Infinity":16,"b:40:36:40:53:40:53:40:91":3,"s:42:4:42:Infinity":17,"b:42:59:42:73:42:73:42:85":4,"s:44:4:44:Infinity":18,"f:44:32:44:38":3,"s:44:38:44:47":19}}}
,"C:\\Users\\zachb\\hub\\projects\\TicketPrinter\\src\\renderer\\src\\print\\PrintDialog.tsx": {"path":"C:\\Users\\zachb\\hub\\projects\\TicketPrinter\\src\\renderer\\src\\print\\PrintDialog.tsx","statementMap":{"0":{"start":{"line":20,"column":22},"end":{"line":20,"column":null}},"1":{"start":{"line":21,"column":26},"end":{"line":21,"column":null}},"2":{"start":{"line":22,"column":30},"end":{"line":22,"column":null}},"3":{"start":{"line":23,"column":34},"end":{"line":23,"column":null}},"4":{"start":{"line":26,"column":8},"end":{"line":26,"column":null}},"5":{"start":{"line":27,"column":20},"end":{"line":27,"column":null}},"6":{"start":{"line":30,"column":4},"end":{"line":30,"column":null}},"7":{"start":{"line":30,"column":48},"end":{"line":30,"column":93}},"8":{"start":{"line":34,"column":14},"end":{"line":34,"column":null}},"9":{"start":{"line":35,"column":10},"end":{"line":35,"column":null}},"10":{"start":{"line":36,"column":19},"end":{"line":36,"column":null}},"11":{"start":{"line":37,"column":4},"end":{"line":37,"column":null}},"12":{"start":{"line":38,"column":4},"end":{"line":38,"column":null}},"13":{"start":{"line":40,"column":4},"end":{"line":53,"column":null}},"14":{"start":{"line":40,"column":17},"end":{"line":40,"column":20}},"15":{"start":{"line":41,"column":6},"end":{"line":41,"column":null}},"16":{"start":{"line":41,"column":30},"end":{"line":41,"column":95}},"17":{"start":{"line":41,"column":46},"end":{"line":41,"column":94}},"18":{"start":{"line":42,"column":6},"end":{"line":52,"column":null}},"19":{"start":{"line":43,"column":23},"end":{"line":43,"column":null}},"20":{"start":{"line":44,"column":8},"end":{"line":48,"column":null}},"21":{"start":{"line":45,"column":10},"end":{"line":45,"column":null}},"22":{"start":{"line":45,"column":34},"end":{"line":45,"column":95}},"23":{"start":{"line":45,"column":50},"end":{"line":45,"column":94}},"24":{"start":{"line":47,"column":10},"end":{"line":47,"column":null}},"25":{"start":{"line":47,"column":34},"end":{"line":47,"column":117}},"26":{"start":{"line":47,"column":50},"end":{"line":47,"column":116}},"27":{"start":{"line":50,"column":20},"end":{"line":50,"column":null}},"28":{"start":{"line":51,"column":8},"end":{"line":51,"column":null}},"29":{"start":{"line":51,"column":32},"end":{"line":51,"column":106}},"30":{"start":{"line":51,"column":48},"end":{"line":51,"column":105}},"31":{"start":{"line":55,"column":4},"end":{"line":55,"column":null}},"32":{"start":{"line":58,"column":2},"end":{"line":110,"column":null}},"33":{"start":{"line":74,"column":27},"end":{"line":74,"column":null}},"34":{"start":{"line":86,"column":27},"end":{"line":86,"column":null}},"35":{"start":{"line":100,"column":12},"end":{"line":106,"column":null}}},"fnMap":{"0":{"name":"PrintDialog","decl":{"start":{"line":19,"column":24},"end":{"line":19,"column":36}},"loc":{"start":{"line":19,"column":114},"end":{"line":112,"column":null}},"line":19},"1":{"name":"buildCopyStates","decl":{"start":{"line":29,"column":11},"end":{"line":29,"column":27}},"loc":{"start":{"line":29,"column":51},"end":{"line":31,"column":null}},"line":29},"2":{"name":"(anonymous_2)","decl":{"start":{"line":30,"column":37},"end":{"line":30,"column":38}},"loc":{"start":{"line":30,"column":48},"end":{"line":30,"column":93}},"line":30},"3":{"name":"handlePrint","decl":{"start":{"line":33,"column":17},"end":{"line":33,"column":46}},"loc":{"start":{"line":33,"column":46},"end":{"line":56,"column":null}},"line":33},"4":{"name":"(anonymous_4)","decl":{"start":{"line":41,"column":20},"end":{"line":41,"column":21}},"loc":{"start":{"line":41,"column":30},"end":{"line":41,"column":95}},"line":41},"5":{"name":"(anonymous_5)","decl":{"start":{"line":41,"column":39},"end":{"line":41,"column":40}},"loc":{"start":{"line":41,"column":46},"end":{"line":41,"column":94}},"line":41},"6":{"name":"(anonymous_6)","decl":{"start":{"line":45,"column":24},"end":{"line":45,"column":25}},"loc":{"start":{"line":45,"column":34},"end":{"line":45,"column":95}},"line":45},"7":{"name":"(anonymous_7)","decl":{"start":{"line":45,"column":43},"end":{"line":45,"column":44}},"loc":{"start":{"line":45,"column":50},"end":{"line":45,"column":94}},"line":45},"8":{"name":"(anonymous_8)","decl":{"start":{"line":47,"column":24},"end":{"line":47,"column":25}},"loc":{"start":{"line":47,"column":34},"end":{"line":47,"column":117}},"line":47},"9":{"name":"(anonymous_9)","decl":{"start":{"line":47,"column":43},"end":{"line":47,"column":44}},"loc":{"start":{"line":47,"column":50},"end":{"line":47,"column":116}},"line":47},"10":{"name":"(anonymous_10)","decl":{"start":{"line":51,"column":22},"end":{"line":51,"column":23}},"loc":{"start":{"line":51,"column":32},"end":{"line":51,"column":106}},"line":51},"11":{"name":"(anonymous_11)","decl":{"start":{"line":51,"column":41},"end":{"line":51,"column":42}},"loc":{"start":{"line":51,"column":48},"end":{"line":51,"column":105}},"line":51},"12":{"name":"(anonymous_12)","decl":{"start":{"line":74,"column":20},"end":{"line":74,"column":21}},"loc":{"start":{"line":74,"column":27},"end":{"line":74,"column":null}},"line":74},"13":{"name":"(anonymous_13)","decl":{"start":{"line":86,"column":20},"end":{"line":86,"column":21}},"loc":{"start":{"line":86,"column":27},"end":{"line":86,"column":null}},"line":86},"14":{"name":"(anonymous_14)","decl":{"start":{"line":99,"column":26},"end":{"line":99,"column":27}},"loc":{"start":{"line":100,"column":12},"end":{"line":106,"column":null}},"line":100}},"branchMap":{"0":{"loc":{"start":{"line":41,"column":46},"end":{"line":41,"column":94}},"type":"cond-expr","locations":[{"start":{"line":41,"column":62},"end":{"line":41,"column":93}},{"start":{"line":41,"column":93},"end":{"line":41,"column":94}}],"line":41},"1":{"loc":{"start":{"line":44,"column":8},"end":{"line":48,"column":null}},"type":"if","locations":[{"start":{"line":44,"column":8},"end":{"line":48,"column":null}},{"start":{"line":46,"column":15},"end":{"line":48,"column":null}}],"line":44},"2":{"loc":{"start":{"line":45,"column":50},"end":{"line":45,"column":94}},"type":"cond-expr","locations":[{"start":{"line":45,"column":66},"end":{"line":45,"column":93}},{"start":{"line":45,"column":93},"end":{"line":45,"column":94}}],"line":45},"3":{"loc":{"start":{"line":47,"column":50},"end":{"line":47,"column":116}},"type":"cond-expr","locations":[{"start":{"line":47,"column":66},"end":{"line":47,"column":115}},{"start":{"line":47,"column":115},"end":{"line":47,"column":116}}],"line":47},"4":{"loc":{"start":{"line":50,"column":20},"end":{"line":50,"column":null}},"type":"cond-expr","locations":[{"start":{"line":50,"column":43},"end":{"line":50,"column":57}},{"start":{"line":50,"column":57},"end":{"line":50,"column":null}}],"line":50},"5":{"loc":{"start":{"line":51,"column":48},"end":{"line":51,"column":105}},"type":"cond-expr","locations":[{"start":{"line":51,"column":64},"end":{"line":51,"column":104}},{"start":{"line":51,"column":104},"end":{"line":51,"column":105}}],"line":51},"6":{"loc":{"start":{"line":97,"column":7},"end":{"line":108,"column":null}},"type":"binary-expr","locations":[{"start":{"line":97,"column":7},"end":{"line":97,"column":null}},{"start":{"line":98,"column":8},"end":{"line":108,"column":null}}],"line":97},"7":{"loc":{"start":{"line":102,"column":15},"end":{"line":102,"column":null}},"type":"binary-expr","locations":[{"start":{"line":102,"column":15},"end":{"line":102,"column":40}},{"start":{"line":102,"column":40},"end":{"line":102,"column":null}}],"line":102},"8":{"loc":{"start":{"line":103,"column":15},"end":{"line":103,"column":null}},"type":"binary-expr","locations":[{"start":{"line":103,"column":15},"end":{"line":103,"column":42}},{"start":{"line":103,"column":42},"end":{"line":103,"column":null}}],"line":103},"9":{"loc":{"start":{"line":104,"column":15},"end":{"line":104,"column":null}},"type":"binary-expr","locations":[{"start":{"line":104,"column":15},"end":{"line":104,"column":38}},{"start":{"line":104,"column":38},"end":{"line":104,"column":null}}],"line":104},"10":{"loc":{"start":{"line":105,"column":15},"end":{"line":105,"column":null}},"type":"binary-expr","locations":[{"start":{"line":105,"column":15},"end":{"line":105,"column":39}},{"start":{"line":105,"column":39},"end":{"line":105,"column":null}}],"line":105}},"s":{"0":37,"1":37,"2":37,"3":37,"4":37,"5":37,"6":9,"7":12,"8":9,"9":9,"10":9,"11":9,"12":9,"13":9,"14":9,"15":12,"16":12,"17":20,"18":12,"19":12,"20":11,"21":10,"22":9,"23":17,"24":1,"25":1,"26":1,"27":1,"28":1,"29":1,"30":1,"31":12,"32":37,"33":2,"34":2,"35":23},"f":{"0":37,"1":9,"2":12,"3":9,"4":12,"5":20,"6":9,"7":17,"8":1,"9":1,"10":1,"11":1,"12":2,"13":2,"14":23},"b":{"0":[12,8],"1":[10,1],"2":[9,8],"3":[1,0],"4":[1,0],"5":[1,0],"6":[37,17],"7":[23,3],"8":[23,9],"9":[23,9],"10":[23,2]},"meta":{"lastBranch":11,"lastFunction":15,"lastStatement":36,"seen":{"f:19:24:19:36":0,"s:20:22:20:Infinity":0,"s:21:26:21:Infinity":1,"s:22:30:22:Infinity":2,"s:23:34:23:Infinity":3,"s:26:8:26:Infinity":4,"s:27:20:27:Infinity":5,"f:29:11:29:27":1,"s:30:4:30:Infinity":6,"f:30:37:30:38":2,"s:30:48:30:93":7,"f:33:17:33:46":3,"s:34:14:34:Infinity":8,"s:35:10:35:Infinity":9,"s:36:19:36:Infinity":10,"s:37:4:37:Infinity":11,"s:38:4:38:Infinity":12,"s:40:4:53:Infinity":13,"s:40:17:40:20":14,"s:41:6:41:Infinity":15,"f:41:20:41:21":4,"s:41:30:41:95":16,"f:41:39:41:40":5,"s:41:46:41:94":17,"b:41:62:41:93:41:93:41:94":0,"s:42:6:52:Infinity":18,"s:43:23:43:Infinity":19,"b:44:8:48:Infinity:46:15:48:Infinity":1,"s:44:8:48:Infinity":20,"s:45:10:45:Infinity":21,"f:45:24:45:25":6,"s:45:34:45:95":22,"f:45:43:45:44":7,"s:45:50:45:94":23,"b:45:66:45:93:45:93:45:94":2,"s:47:10:47:Infinity":24,"f:47:24:47:25":8,"s:47:34:47:117":25,"f:47:43:47:44":9,"s:47:50:47:116":26,"b:47:66:47:115:47:115:47:116":3,"s:50:20:50:Infinity":27,"b:50:43:50:57:50:57:50:Infinity":4,"s:51:8:51:Infinity":28,"f:51:22:51:23":10,"s:51:32:51:106":29,"f:51:41:51:42":11,"s:51:48:51:105":30,"b:51:64:51:104:51:104:51:105":5,"s:55:4:55:Infinity":31,"s:58:2:110:Infinity":32,"f:74:20:74:21":12,"s:74:27:74:Infinity":33,"f:86:20:86:21":13,"s:86:27:86:Infinity":34,"b:97:7:97:Infinity:98:8:108:Infinity":6,"f:99:26:99:27":14,"s:100:12:106:Infinity":35,"b:102:15:102:40:102:40:102:Infinity":7,"b:103:15:103:42:103:42:103:Infinity":8,"b:104:15:104:38:104:38:104:Infinity":9,"b:105:15:105:39:105:39:105:Infinity":10}}}
,"C:\\Users\\zachb\\hub\\projects\\TicketPrinter\\src\\renderer\\src\\settings\\PrinterSetup.tsx": {"path":"C:\\Users\\zachb\\hub\\projects\\TicketPrinter\\src\\renderer\\src\\settings\\PrinterSetup.tsx","statementMap":{"0":{"start":{"line":7,"column":30},"end":{"line":7,"column":null}},"1":{"start":{"line":8,"column":30},"end":{"line":8,"column":null}},"2":{"start":{"line":8,"column":57},"end":{"line":8,"column":102}},"3":{"start":{"line":9,"column":26},"end":{"line":9,"column":null}},"4":{"start":{"line":10,"column":30},"end":{"line":10,"column":null}},"5":{"start":{"line":12,"column":2},"end":{"line":14,"column":null}},"6":{"start":{"line":13,"column":4},"end":{"line":13,"column":null}},"7":{"start":{"line":17,"column":18},"end":{"line":17,"column":null}},"8":{"start":{"line":18,"column":4},"end":{"line":18,"column":null}},"9":{"start":{"line":19,"column":4},"end":{"line":19,"column":null}},"10":{"start":{"line":23,"column":4},"end":{"line":23,"column":null}},"11":{"start":{"line":23,"column":19},"end":{"line":23,"column":null}},"12":{"start":{"line":24,"column":4},"end":{"line":24,"column":null}},"13":{"start":{"line":25,"column":4},"end":{"line":25,"column":null}},"14":{"start":{"line":26,"column":4},"end":{"line":37,"column":null}},"15":{"start":{"line":27,"column":34},"end":{"line":27,"column":null}},"16":{"start":{"line":28,"column":6},"end":{"line":33,"column":null}},"17":{"start":{"line":29,"column":8},"end":{"line":29,"column":null}},"18":{"start":{"line":31,"column":8},"end":{"line":31,"column":null}},"19":{"start":{"line":32,"column":8},"end":{"line":32,"column":null}},"20":{"start":{"line":35,"column":6},"end":{"line":35,"column":null}},"21":{"start":{"line":36,"column":6},"end":{"line":36,"column":null}},"22":{"start":{"line":40,"column":2},"end":{"line":60,"column":null}},"23":{"start":{"line":48,"column":10},"end":{"line":48,"column":null}}},"fnMap":{"0":{"name":"PrinterSetup","decl":{"start":{"line":6,"column":24},"end":{"line":6,"column":58}},"loc":{"start":{"line":6,"column":58},"end":{"line":62,"column":null}},"line":6},"1":{"name":"(anonymous_1)","decl":{"start":{"line":8,"column":51},"end":{"line":8,"column":57}},"loc":{"start":{"line":8,"column":57},"end":{"line":8,"column":102}},"line":8},"2":{"name":"(anonymous_2)","decl":{"start":{"line":12,"column":12},"end":{"line":12,"column":18}},"loc":{"start":{"line":12,"column":18},"end":{"line":14,"column":5}},"line":12},"3":{"name":"handleSelect","decl":{"start":{"line":16,"column":11},"end":{"line":16,"column":24}},"loc":{"start":{"line":16,"column":71},"end":{"line":20,"column":null}},"line":16},"4":{"name":"handleTestConnection","decl":{"start":{"line":22,"column":17},"end":{"line":22,"column":55}},"loc":{"start":{"line":22,"column":55},"end":{"line":38,"column":null}},"line":22},"5":{"name":"(anonymous_5)","decl":{"start":{"line":47,"column":22},"end":{"line":47,"column":23}},"loc":{"start":{"line":48,"column":10},"end":{"line":48,"column":null}},"line":48}},"branchMap":{"0":{"loc":{"start":{"line":8,"column":57},"end":{"line":8,"column":102}},"type":"binary-expr","locations":[{"start":{"line":8,"column":57},"end":{"line":8,"column":100}},{"start":{"line":8,"column":100},"end":{"line":8,"column":102}}],"line":8},"1":{"loc":{"start":{"line":23,"column":4},"end":{"line":23,"column":null}},"type":"if","locations":[{"start":{"line":23,"column":4},"end":{"line":23,"column":null}},{"start":{},"end":{}}],"line":23},"2":{"loc":{"start":{"line":28,"column":6},"end":{"line":33,"column":null}},"type":"if","locations":[{"start":{"line":28,"column":6},"end":{"line":33,"column":null}},{"start":{"line":30,"column":13},"end":{"line":33,"column":null}}],"line":28},"3":{"loc":{"start":{"line":32,"column":20},"end":{"line":32,"column":51}},"type":"binary-expr","locations":[{"start":{"line":32,"column":20},"end":{"line":32,"column":36}},{"start":{"line":32,"column":36},"end":{"line":32,"column":51}}],"line":32},"4":{"loc":{"start":{"line":36,"column":18},"end":{"line":36,"column":66}},"type":"cond-expr","locations":[{"start":{"line":36,"column":41},"end":{"line":36,"column":55}},{"start":{"line":36,"column":55},"end":{"line":36,"column":66}}],"line":36},"5":{"loc":{"start":{"line":52,"column":55},"end":{"line":52,"column":91}},"type":"binary-expr","locations":[{"start":{"line":52,"column":55},"end":{"line":52,"column":80}},{"start":{"line":52,"column":80},"end":{"line":52,"column":91}}],"line":52},"6":{"loc":{"start":{"line":56,"column":7},"end":{"line":56,"column":null}},"type":"binary-expr","locations":[{"start":{"line":56,"column":7},"end":{"line":56,"column":28}},{"start":{"line":56,"column":28},"end":{"line":56,"column":null}}],"line":56},"7":{"loc":{"start":{"line":57,"column":7},"end":{"line":57,"column":null}},"type":"binary-expr","locations":[{"start":{"line":57,"column":7},"end":{"line":57,"column":32}},{"start":{"line":57,"column":32},"end":{"line":57,"column":null}}],"line":57},"8":{"loc":{"start":{"line":58,"column":7},"end":{"line":58,"column":null}},"type":"binary-expr","locations":[{"start":{"line":58,"column":7},"end":{"line":58,"column":31}},{"start":{"line":58,"column":31},"end":{"line":58,"column":null}}],"line":58},"9":{"loc":{"start":{"line":59,"column":7},"end":{"line":59,"column":null}},"type":"binary-expr","locations":[{"start":{"line":59,"column":7},"end":{"line":59,"column":29}},{"start":{"line":59,"column":29},"end":{"line":59,"column":null}}],"line":59}},"s":{"0":38,"1":38,"2":10,"3":38,"4":38,"5":38,"6":10,"7":7,"8":7,"9":7,"10":6,"11":0,"12":6,"13":6,"14":6,"15":6,"16":5,"17":3,"18":2,"19":2,"20":1,"21":1,"22":38,"23":31},"f":{"0":38,"1":10,"2":10,"3":7,"4":6,"5":31},"b":{"0":[10,10],"1":[0,6],"2":[3,2],"3":[2,1],"4":[1,0],"5":[38,32],"6":[38,27],"7":[38,6],"8":[38,2],"9":[38,3]},"meta":{"lastBranch":10,"lastFunction":6,"lastStatement":24,"seen":{"f:6:24:6:58":0,"s:7:30:7:Infinity":0,"s:8:30:8:Infinity":1,"f:8:51:8:57":1,"s:8:57:8:102":2,"b:8:57:8:100:8:100:8:102":0,"s:9:26:9:Infinity":3,"s:10:30:10:Infinity":4,"s:12:2:14:Infinity":5,"f:12:12:12:18":2,"s:13:4:13:Infinity":6,"f:16:11:16:24":3,"s:17:18:17:Infinity":7,"s:18:4:18:Infinity":8,"s:19:4:19:Infinity":9,"f:22:17:22:55":4,"b:23:4:23:Infinity:undefined:undefined:undefined:undefined":1,"s:23:4:23:Infinity":10,"s:23:19:23:Infinity":11,"s:24:4:24:Infinity":12,"s:25:4:25:Infinity":13,"s:26:4:37:Infinity":14,"s:27:34:27:Infinity":15,"b:28:6:33:Infinity:30:13:33:Infinity":2,"s:28:6:33:Infinity":16,"s:29:8:29:Infinity":17,"s:31:8:31:Infinity":18,"s:32:8:32:Infinity":19,"b:32:20:32:36:32:36:32:51":3,"s:35:6:35:Infinity":20,"s:36:6:36:Infinity":21,"b:36:41:36:55:36:55:36:66":4,"s:40:2:60:Infinity":22,"f:47:22:47:23":5,"s:48:10:48:Infinity":23,"b:52:55:52:80:52:80:52:91":5,"b:56:7:56:28:56:28:56:Infinity":6,"b:57:7:57:32:57:32:57:Infinity":7,"b:58:7:58:31:58:31:58:Infinity":8,"b:59:7:59:29:59:29:59:Infinity":9}}}
}
